Using pre-set license
Built from '2020.3/staging' branch; Version is '2020.3.30f1 (1fb1bf06830e) revision 2077119'; Using compiler version '192528614'; Build Type 'Release'
OS: 'Windows 10  (10.0.19044) 64bit Core' Language: 'ko' Physical Memory: 16336 MB
BatchMode: 1, IsHumanControllingUs: 0, StartBugReporterOnCrash: 0, Is64bit: 1, IsPro: 0

COMMAND LINE ARGUMENTS:
C:\Program Files\Unity\Hub\Editor\2020.3.30f1\Editor\Unity.exe
-adb2
-batchMode
-noUpm
-name
AssetImportWorker0
-projectPath
C:/Users/user/Documents/Study/22-1/캡스톤/CardAndDungeon/CardAndDungeon
-logFile
Logs/AssetImportWorker0.log
-srvPort
6060
Successfully changed project path to: C:/Users/user/Documents/Study/22-1/캡스톤/CardAndDungeon/CardAndDungeon
C:/Users/user/Documents/Study/22-1/캡스톤/CardAndDungeon/CardAndDungeon
Using Asset Import Pipeline V2.
Refreshing native plugins compatible for Editor in 63.72 ms, found 3 plugins.
Preloading 0 native plugins for Editor in 0.00 ms.
Initialize engine version: 2020.3.30f1 (1fb1bf06830e)
[Subsystems] Discovering subsystems at path C:/Program Files/Unity/Hub/Editor/2020.3.30f1/Editor/Data/Resources/UnitySubsystems
[Subsystems] Discovering subsystems at path C:/Users/user/Documents/Study/22-1/캡스톤/CardAndDungeon/CardAndDungeon/Assets
GfxDevice: creating device client; threaded=0
Direct3D:
    Version:  Direct3D 11.0 [level 11.1]
    Renderer: NVIDIA GeForce GTX 1060 6GB (ID=0x1c03)
    Vendor:   
    VRAM:     6052 MB
    Driver:   30.0.14.9709
Initialize mono
Mono path[0] = 'C:/Program Files/Unity/Hub/Editor/2020.3.30f1/Editor/Data/Managed'
Mono path[1] = 'C:/Program Files/Unity/Hub/Editor/2020.3.30f1/Editor/Data/MonoBleedingEdge/lib/mono/unityjit'
Mono config path = 'C:/Program Files/Unity/Hub/Editor/2020.3.30f1/Editor/Data/MonoBleedingEdge/etc'
Using monoOptions --debugger-agent=transport=dt_socket,embedding=1,server=y,suspend=n,address=127.0.0.1:56052
Begin MonoManager ReloadAssembly
Registering precompiled unity dll's ...
Register platform support module: C:/Program Files/Unity/Hub/Editor/2020.3.30f1/Editor/Data/PlaybackEngines/WindowsStandaloneSupport/UnityEditor.WindowsStandalone.Extensions.dll
Registered in 0.004876 seconds.
Native extension for WindowsStandalone target not found
Refreshing native plugins compatible for Editor in 69.39 ms, found 3 plugins.
Preloading 0 native plugins for Editor in 0.00 ms.
Mono: successfully reloaded assembly
- Completed reload, in  0.824 seconds
Domain Reload Profiling:
	ReloadAssembly (825ms)
		BeginReloadAssembly (111ms)
			ExecutionOrderSort (0ms)
			DisableScriptedObjects (0ms)
			BackupInstance (0ms)
			ReleaseScriptingObjects (0ms)
			CreateAndSetChildDomain (1ms)
		EndReloadAssembly (605ms)
			LoadAssemblies (105ms)
			RebuildTransferFunctionScriptingTraits (0ms)
			SetupTypeCache (175ms)
			ReleaseScriptCaches (0ms)
			RebuildScriptCaches (45ms)
			SetupLoadedEditorAssemblies (233ms)
				LogAssemblyErrors (0ms)
				InitializePlatformSupportModulesInManaged (6ms)
				SetLoadedEditorAssemblies (0ms)
				RefreshPlugins (70ms)
				BeforeProcessingInitializeOnLoad (17ms)
				ProcessInitializeOnLoadAttributes (98ms)
				ProcessInitializeOnLoadMethodAttributes (42ms)
				AfterProcessingInitializeOnLoad (0ms)
				EditorAssembliesLoaded (0ms)
			ExecutionOrderSort2 (0ms)
			AwakeInstancesAfterBackupRestoration (0ms)
Platform modules already initialized, skipping
Registering precompiled user dll's ...
Registered in 0.009615 seconds.
Begin MonoManager ReloadAssembly
Native extension for WindowsStandalone target not found
Refreshing native plugins compatible for Editor in 64.86 ms, found 3 plugins.
Preloading 0 native plugins for Editor in 0.00 ms.
Mono: successfully reloaded assembly
- Completed reload, in  1.426 seconds
Domain Reload Profiling:
	ReloadAssembly (1428ms)
		BeginReloadAssembly (218ms)
			ExecutionOrderSort (0ms)
			DisableScriptedObjects (4ms)
			BackupInstance (0ms)
			ReleaseScriptingObjects (0ms)
			CreateAndSetChildDomain (23ms)
		EndReloadAssembly (1116ms)
			LoadAssemblies (161ms)
			RebuildTransferFunctionScriptingTraits (0ms)
			SetupTypeCache (351ms)
			ReleaseScriptCaches (0ms)
			RebuildScriptCaches (51ms)
			SetupLoadedEditorAssemblies (430ms)
				LogAssemblyErrors (0ms)
				InitializePlatformSupportModulesInManaged (5ms)
				SetLoadedEditorAssemblies (0ms)
				RefreshPlugins (65ms)
				BeforeProcessingInitializeOnLoad (102ms)
				ProcessInitializeOnLoadAttributes (216ms)
				ProcessInitializeOnLoadMethodAttributes (23ms)
				AfterProcessingInitializeOnLoad (18ms)
				EditorAssembliesLoaded (0ms)
			ExecutionOrderSort2 (0ms)
			AwakeInstancesAfterBackupRestoration (7ms)
Platform modules already initialized, skipping
========================================================================
Worker process is ready to serve import requests
Launched and connected shader compiler UnityShaderCompiler.exe after 0.11 seconds
Refreshing native plugins compatible for Editor in 0.82 ms, found 3 plugins.
Preloading 0 native plugins for Editor in 0.00 ms.
Unloading 2229 Unused Serialized files (Serialized files now loaded: 0)
System memory in use before: 100.2 MB.
System memory in use after: 100.3 MB.

Unloading 25 unused Assets to reduce memory usage. Loaded Objects now: 2666.
Total: 3.079000 ms (FindLiveObjects: 0.207100 ms CreateObjectMapping: 0.108600 ms MarkObjects: 2.688700 ms  DeleteObjects: 0.073600 ms)

AssetImportParameters requested are different than current active one (requested -> active):
  custom:framework-win-MediaFoundation: 216162199b28c13a410421893ffa2e32 -> 
  custom:video-decoder-ogg-theora: a1e56fd34408186e4bbccfd4996cb3dc -> 
  custom:container-muxer-webm: aa71ff27fc2769a1b78a27578f13a17b -> 
  custom:container-demuxer-webm: 4f35f7cbe854078d1ac9338744f61a02 -> 
  custom:container-demuxer-ogg: 62fdf1f143b41e24485cea50d1cbac27 -> 
  custom:video-encoder-webm-vp8: eb34c28f22e8b96e1ab97ce403110664 -> 
  custom:video-codec-MediaFoundation-h265: 746d11721c4dcdbdad8f713fa42b33f4 -> 
  custom:video-decoder-webm-vp8: 9c59270c3fd7afecdb556c50c9e8de78 -> 
  custom:audio-decoder-ogg-vorbis: bf7c407c2cedff20999df2af8eb42d56 -> 
  custom:audio-encoder-webm-vorbis: bf7c407c2cedff20999df2af8eb42d56 -> 
========================================================================
Received Import Request.
  path: Assets/Assets/Pixel Monsters Vol1/Prefabs/monster_07.prefab
  artifactKey: Guid(47a0635165e88e34c9f52f044144631b) Importer(815301076,1909f56bfc062723c751e8b465ee728b)
Start importing Assets/Assets/Pixel Monsters Vol1/Prefabs/monster_07.prefab using Guid(47a0635165e88e34c9f52f044144631b) Importer(815301076,1909f56bfc062723c751e8b465ee728b)  -> (artifact id: 'c0badd6c15a09ca7811c8dc14fe5ffce') in 0.156374 seconds 
========================================================================
Received Import Request.
  Time since last request: 0.000344 seconds.
  path: Assets/Assets/Pixel Monsters Vol1/Prefabs/monster_06.prefab
  artifactKey: Guid(1723488327eb8034281b0c82dd234600) Importer(815301076,1909f56bfc062723c751e8b465ee728b)
Start importing Assets/Assets/Pixel Monsters Vol1/Prefabs/monster_06.prefab using Guid(1723488327eb8034281b0c82dd234600) Importer(815301076,1909f56bfc062723c751e8b465ee728b)  -> (artifact id: '62fbf10a092b3b06f8344512f8751f79') in 0.032661 seconds 
========================================================================
Received Import Request.
  Time since last request: 14.439467 seconds.
  path: Assets/Assets/Pixel Monsters Vol1
  artifactKey: Guid(d40df2fe2b45d1e4eb3cfcf29f15298c) Importer(815301076,1909f56bfc062723c751e8b465ee728b)
Start importing Assets/Assets/Pixel Monsters Vol1 using Guid(d40df2fe2b45d1e4eb3cfcf29f15298c) Importer(815301076,1909f56bfc062723c751e8b465ee728b)  -> (artifact id: '9f5b30f79eedbcea0f50037d6d56c1f7') in 0.006673 seconds 
========================================================================
Received Import Request.
  Time since last request: 8.041203 seconds.
  path: Assets/Scenes
  artifactKey: Guid(49ff8b4bd763b4c44a88faba2d31fceb) Importer(815301076,1909f56bfc062723c751e8b465ee728b)
Start importing Assets/Scenes using Guid(49ff8b4bd763b4c44a88faba2d31fceb) Importer(815301076,1909f56bfc062723c751e8b465ee728b)  -> (artifact id: '442dbcc09c15bf0659a55eed09d84695') in 0.009456 seconds 
========================================================================
Received Import Request.
  Time since last request: 2.555413 seconds.
  path: Assets/Assets/Dungeon Tileset/prefabs
  artifactKey: Guid(dde8136ac43b55b4c839200d28ce7588) Importer(815301076,1909f56bfc062723c751e8b465ee728b)
Start importing Assets/Assets/Dungeon Tileset/prefabs using Guid(dde8136ac43b55b4c839200d28ce7588) Importer(815301076,1909f56bfc062723c751e8b465ee728b)  -> (artifact id: 'ef79ae325f3f0220564193b960ee2230') in 0.009435 seconds 
========================================================================
Received Import Request.
  Time since last request: 9.002962 seconds.
  path: Assets/Assets/Pixel Monsters Vol1/Sprites/monster_01.png
  artifactKey: Guid(674f4c4a042f5654e84523c567c82504) Importer(815301076,1909f56bfc062723c751e8b465ee728b)
Start importing Assets/Assets/Pixel Monsters Vol1/Sprites/monster_01.png using Guid(674f4c4a042f5654e84523c567c82504) Importer(815301076,1909f56bfc062723c751e8b465ee728b)  -> (artifact id: '5e1af35a86787938b7145c75746c799e') in 0.285354 seconds 
========================================================================
Received Import Request.
  Time since last request: 0.000366 seconds.
  path: Assets/Assets/Pixel Monsters Vol1/Sprites/monster_03_skull.png
  artifactKey: Guid(a0114dff63e37844f9c791870d36ea99) Importer(815301076,1909f56bfc062723c751e8b465ee728b)
Start importing Assets/Assets/Pixel Monsters Vol1/Sprites/monster_03_skull.png using Guid(a0114dff63e37844f9c791870d36ea99) Importer(815301076,1909f56bfc062723c751e8b465ee728b)  -> (artifact id: '7082316082c9ad074c5c6edd136890a7') in 0.037226 seconds 
========================================================================
Received Import Request.
  Time since last request: 0.000361 seconds.
  path: Assets/Assets/Pixel Monsters Vol1/Sprites/monster_05_web.png
  artifactKey: Guid(5bb31f9be8b29a04bb3c4b6a0b9131cd) Importer(815301076,1909f56bfc062723c751e8b465ee728b)
Start importing Assets/Assets/Pixel Monsters Vol1/Sprites/monster_05_web.png using Guid(5bb31f9be8b29a04bb3c4b6a0b9131cd) Importer(815301076,1909f56bfc062723c751e8b465ee728b)  -> (artifact id: '53100e109eacb92c4b3a231bef865491') in 0.031394 seconds 
========================================================================
Received Import Request.
  Time since last request: 0.000342 seconds.
  path: Assets/Assets/Pixel Monsters Vol1/Sprites/monster_02.png
  artifactKey: Guid(f139166ccb10d3646a354be1b317cfbe) Importer(815301076,1909f56bfc062723c751e8b465ee728b)
Start importing Assets/Assets/Pixel Monsters Vol1/Sprites/monster_02.png using Guid(f139166ccb10d3646a354be1b317cfbe) Importer(815301076,1909f56bfc062723c751e8b465ee728b)  -> (artifact id: '1e67a622d3ff88a15751b20f8f2287fa') in 0.226443 seconds 
========================================================================
Received Import Request.
  Time since last request: 0.000223 seconds.
  path: Assets/Assets/Pixel Monsters Vol1/Sprites/monster_05_brood.png
  artifactKey: Guid(9f2959c7bbb6ab7439ed347a718c1709) Importer(815301076,1909f56bfc062723c751e8b465ee728b)
Start importing Assets/Assets/Pixel Monsters Vol1/Sprites/monster_05_brood.png using Guid(9f2959c7bbb6ab7439ed347a718c1709) Importer(815301076,1909f56bfc062723c751e8b465ee728b)  -> (artifact id: 'e0ed38a049b34fc90ded4bd42ffa2807') in 0.175365 seconds 
========================================================================
Received Import Request.
  Time since last request: 0.000346 seconds.
  path: Assets/Assets/Pixel Monsters Vol1/Sprites/monster_05.png
  artifactKey: Guid(d86a3de7b11430248b0bcbeea8956f12) Importer(815301076,1909f56bfc062723c751e8b465ee728b)
Start importing Assets/Assets/Pixel Monsters Vol1/Sprites/monster_05.png using Guid(d86a3de7b11430248b0bcbeea8956f12) Importer(815301076,1909f56bfc062723c751e8b465ee728b)  -> (artifact id: '27e81fa32959b9c8e7b1fb7297c5f322') in 0.200984 seconds 
========================================================================
Received Import Request.
  Time since last request: 0.000236 seconds.
  path: Assets/Assets/Pixel Monsters Vol1/Sprites/monster_01_spikes.png
  artifactKey: Guid(f189b1eb1413c824ea412cbc49d14f94) Importer(815301076,1909f56bfc062723c751e8b465ee728b)
Start importing Assets/Assets/Pixel Monsters Vol1/Sprites/monster_01_spikes.png using Guid(f189b1eb1413c824ea412cbc49d14f94) Importer(815301076,1909f56bfc062723c751e8b465ee728b)  -> (artifact id: '3fff424e09c5b12493a12fc01b37bc88') in 0.034840 seconds 
========================================================================
Received Import Request.
  Time since last request: 0.000341 seconds.
  path: Assets/Assets/Pixel Monsters Vol1/Sprites/monster_04.png
  artifactKey: Guid(3c84fb2392c2c844887a74b26a984fc9) Importer(815301076,1909f56bfc062723c751e8b465ee728b)
Start importing Assets/Assets/Pixel Monsters Vol1/Sprites/monster_04.png using Guid(3c84fb2392c2c844887a74b26a984fc9) Importer(815301076,1909f56bfc062723c751e8b465ee728b)  -> (artifact id: '2e4aeb7d315e154ada78e998ffc707e7') in 0.161692 seconds 
========================================================================
Received Import Request.
  Time since last request: 0.000268 seconds.
  path: Assets/Assets/Pixel Monsters Vol1/Sprites/monster_03.png
  artifactKey: Guid(1d9d292260a835546a4b9ed7b6bbc1d5) Importer(815301076,1909f56bfc062723c751e8b465ee728b)
Start importing Assets/Assets/Pixel Monsters Vol1/Sprites/monster_03.png using Guid(1d9d292260a835546a4b9ed7b6bbc1d5) Importer(815301076,1909f56bfc062723c751e8b465ee728b)  -> (artifact id: '4e516bed96092e9897186dcfa16a3f5f') in 0.215796 seconds 
========================================================================
Received Import Request.
  Time since last request: 56.951912 seconds.
  path: Assets/Assets/Dungeon Tileset/Textures
  artifactKey: Guid(2584781be4ed0ee40ac6876a7a52691f) Importer(815301076,1909f56bfc062723c751e8b465ee728b)
Start importing Assets/Assets/Dungeon Tileset/Textures using Guid(2584781be4ed0ee40ac6876a7a52691f) Importer(815301076,1909f56bfc062723c751e8b465ee728b)  -> (artifact id: 'a08437b167b7a53ee226f5f97ec74fe1') in 0.010243 seconds 
========================================================================
Received Import Request.
  Time since last request: 0.324182 seconds.
  path: Assets/Assets/Pixel Monsters Vol1/Animations
  artifactKey: Guid(d5ec53ee5b90c5044a0aced9c5e6b53d) Importer(815301076,1909f56bfc062723c751e8b465ee728b)
Start importing Assets/Assets/Pixel Monsters Vol1/Animations using Guid(d5ec53ee5b90c5044a0aced9c5e6b53d) Importer(815301076,1909f56bfc062723c751e8b465ee728b)  -> (artifact id: '1086de60963769d7b4ba792b88313e14') in 0.009724 seconds 
========================================================================
Received Import Request.
  Time since last request: 0.327501 seconds.
  path: Assets/Assets/Pixel Monsters Vol1/Sprites
  artifactKey: Guid(eafef3796fb8dd647a53bdec218cba37) Importer(815301076,1909f56bfc062723c751e8b465ee728b)
Start importing Assets/Assets/Pixel Monsters Vol1/Sprites using Guid(eafef3796fb8dd647a53bdec218cba37) Importer(815301076,1909f56bfc062723c751e8b465ee728b)  -> (artifact id: '70314423af24474d76063ceaf26901cf') in 0.009988 seconds 
========================================================================
Received Import Request.
  Time since last request: 0.222327 seconds.
  path: Assets/Assets/Pixel Monsters Vol1/README.rtf
  artifactKey: Guid(0b5aa0986b2b9f24094d290631c7dd0b) Importer(815301076,1909f56bfc062723c751e8b465ee728b)
Start importing Assets/Assets/Pixel Monsters Vol1/README.rtf using Guid(0b5aa0986b2b9f24094d290631c7dd0b) Importer(815301076,1909f56bfc062723c751e8b465ee728b)  -> (artifact id: 'ad16de5a131206d53c961ef730a5b34c') in 0.015652 seconds 
========================================================================
Received Import Request.
  Time since last request: 3.641551 seconds.
  path: Assets/Assets/PixelAttackFx/Scenes
  artifactKey: Guid(77877c848dbf94ca7a0aeed199a0f191) Importer(815301076,1909f56bfc062723c751e8b465ee728b)
Start importing Assets/Assets/PixelAttackFx/Scenes using Guid(77877c848dbf94ca7a0aeed199a0f191) Importer(815301076,1909f56bfc062723c751e8b465ee728b)  -> (artifact id: '3115a779c74cf19bef421eb1cabb5344') in 0.005061 seconds 
========================================================================
Received Import Request.
  Time since last request: 0.349466 seconds.
  path: Assets/Assets/PixelAttackFx/Prefebs
  artifactKey: Guid(d076783cf658d6947b7b565d3d0605bf) Importer(815301076,1909f56bfc062723c751e8b465ee728b)
Start importing Assets/Assets/PixelAttackFx/Prefebs using Guid(d076783cf658d6947b7b565d3d0605bf) Importer(815301076,1909f56bfc062723c751e8b465ee728b)  -> (artifact id: 'c9d8a03bcde49005d2e3da959cceceb5') in 0.008512 seconds 
========================================================================
Received Import Request.
  Time since last request: 0.312485 seconds.
  path: Assets/Assets/PixelAttackFx/Animations
  artifactKey: Guid(fe49765ae97ab43b097da2b02107e5c8) Importer(815301076,1909f56bfc062723c751e8b465ee728b)
Start importing Assets/Assets/PixelAttackFx/Animations using Guid(fe49765ae97ab43b097da2b02107e5c8) Importer(815301076,1909f56bfc062723c751e8b465ee728b)  -> (artifact id: '497419fe3f5e8a066809f9d283a44fe7') in 0.003709 seconds 
========================================================================
Received Import Request.
  Time since last request: 8.632802 seconds.
  path: Assets/Assets/StylishedSkills
  artifactKey: Guid(7c38870cff480fe448fdeee0eb1013c2) Importer(815301076,1909f56bfc062723c751e8b465ee728b)
Start importing Assets/Assets/StylishedSkills using Guid(7c38870cff480fe448fdeee0eb1013c2) Importer(815301076,1909f56bfc062723c751e8b465ee728b)  -> (artifact id: '56b7d9e19100104fea757e73f4969559') in 0.011687 seconds 
========================================================================
Received Import Request.
  Time since last request: 3.685844 seconds.
  path: Assets/SPUM
  artifactKey: Guid(bb19a603113ea8d43a87f35a9ef2d55d) Importer(815301076,1909f56bfc062723c751e8b465ee728b)
Start importing Assets/SPUM using Guid(bb19a603113ea8d43a87f35a9ef2d55d) Importer(815301076,1909f56bfc062723c751e8b465ee728b)  -> (artifact id: 'ed72b4cb3e1a9fbf1b56e26965303860') in 0.009594 seconds 
========================================================================
Received Import Request.
  Time since last request: 3.970715 seconds.
  path: Assets/Assets/Dungeon Tileset/prefabs/Tutorial_1.prefab
  artifactKey: Guid(e76270611ad50e04f82a726dd915e09e) Importer(815301076,1909f56bfc062723c751e8b465ee728b)
Start importing Assets/Assets/Dungeon Tileset/prefabs/Tutorial_1.prefab using Guid(e76270611ad50e04f82a726dd915e09e) Importer(815301076,1909f56bfc062723c751e8b465ee728b)  -> (artifact id: '779f5c7ca398a956c8dce21717565846') in 0.031823 seconds 
========================================================================
Received Import Request.
  Time since last request: 0.976240 seconds.
  path: Assets/Assets/Dungeon Tileset/prefabs/Tutorial_2.prefab
  artifactKey: Guid(fcdee5f4a0eb6ab48b0303f71d432743) Importer(815301076,1909f56bfc062723c751e8b465ee728b)
Start importing Assets/Assets/Dungeon Tileset/prefabs/Tutorial_2.prefab using Guid(fcdee5f4a0eb6ab48b0303f71d432743) Importer(815301076,1909f56bfc062723c751e8b465ee728b)  -> (artifact id: 'b0501af41ea387819cc0aeda464b25ba') in 0.035408 seconds 
========================================================================
Received Import Request.
  Time since last request: 0.841638 seconds.
  path: Assets/Assets/Dungeon Tileset/prefabs/Tutorial_3.prefab
  artifactKey: Guid(773cb2355dd7c0a4ba33bbc24c27819c) Importer(815301076,1909f56bfc062723c751e8b465ee728b)
Start importing Assets/Assets/Dungeon Tileset/prefabs/Tutorial_3.prefab using Guid(773cb2355dd7c0a4ba33bbc24c27819c) Importer(815301076,1909f56bfc062723c751e8b465ee728b)  -> (artifact id: '18316a075f450294153c80f002be0424') in 0.053159 seconds 
========================================================================
Received Import Request.
  Time since last request: 359.128218 seconds.
  path: Assets/Assets/PixelAttackFx
  artifactKey: Guid(0ec98554dfb954942bb2d94b39a6ae88) Importer(815301076,1909f56bfc062723c751e8b465ee728b)
Start importing Assets/Assets/PixelAttackFx using Guid(0ec98554dfb954942bb2d94b39a6ae88) Importer(815301076,1909f56bfc062723c751e8b465ee728b)  -> (artifact id: 'a7e4d0edb027bdf1458c07347490ecbd') in 0.008578 seconds 
========================================================================
Received Import Request.
  Time since last request: 0.303729 seconds.
  path: Assets/Assets/PixelartCardTCG
  artifactKey: Guid(8701f78bf2528e54e939aa1dba591e9e) Importer(815301076,1909f56bfc062723c751e8b465ee728b)
Start importing Assets/Assets/PixelartCardTCG using Guid(8701f78bf2528e54e939aa1dba591e9e) Importer(815301076,1909f56bfc062723c751e8b465ee728b)  -> (artifact id: 'fefd71bd3bda10247f0f51f7197aecde') in 0.005377 seconds 
========================================================================
Received Import Request.
  Time since last request: 11.820283 seconds.
  path: Assets/Scenes/SampleScene.unity
  artifactKey: Guid(2cda990e2423bbf4892e6590ba056729) Importer(815301076,1909f56bfc062723c751e8b465ee728b)
Start importing Assets/Scenes/SampleScene.unity using Guid(2cda990e2423bbf4892e6590ba056729) Importer(815301076,1909f56bfc062723c751e8b465ee728b)  -> (artifact id: 'f15b9a4adc76c6e4f02edea107f11f6c') in 0.008463 seconds 
========================================================================
Received Import Request.
  Time since last request: 0.310451 seconds.
  path: Assets/Scenes/InGame.unity
  artifactKey: Guid(9f67f3deeb1790f4ab543930a80dc8c1) Importer(815301076,1909f56bfc062723c751e8b465ee728b)
Start importing Assets/Scenes/InGame.unity using Guid(9f67f3deeb1790f4ab543930a80dc8c1) Importer(815301076,1909f56bfc062723c751e8b465ee728b)  -> (artifact id: '6fab7d0c3ca1b9490df3f77646d2515c') in 0.004924 seconds 
========================================================================
Received Import Request.
  Time since last request: 7.897455 seconds.
  path: Assets
  artifactKey: Guid(00000000000000001000000000000000) Importer(815301076,1909f56bfc062723c751e8b465ee728b)
Start importing Assets using Guid(00000000000000001000000000000000) Importer(815301076,1909f56bfc062723c751e8b465ee728b)  -> (artifact id: '42d402b061de3733987d63b9cc3b64de') in 0.003819 seconds 
AssetImportWorkerClient::OnTransportError - code=2 error=End of file
